2026-01-14T05:09:12.404+09:00  INFO 6228 --- [haconaka_new] [restartedMain] .e.DevToolsPropertyDefaultsPostProcessor : Devtools property defaults active! Set 'spring.devtools.add-properties' to 'false' to disable
2026-01-14T05:09:12.404+09:00  INFO 6228 --- [haconaka_new] [restartedMain] .e.DevToolsPropertyDefaultsPostProcessor : For additional web related logging consider setting the 'logging.level.web' property to 'DEBUG'
2026-01-14T05:09:13.686+09:00  INFO 6228 --- [haconaka_new] [restartedMain] .s.d.r.c.RepositoryConfigurationDelegate : Bootstrapping Spring Data JPA repositories in DEFAULT mode.
2026-01-14T05:09:13.797+09:00  INFO 6228 --- [haconaka_new] [restartedMain] .s.d.r.c.RepositoryConfigurationDelegate : Finished Spring Data repository scanning in 94 ms. Found 4 JPA repository interfaces.
2026-01-14T05:09:14.683+09:00  INFO 6228 --- [haconaka_new] [restartedMain] o.s.b.w.embedded.tomcat.TomcatWebServer  : Tomcat initialized with port 8080 (http)
2026-01-14T05:09:14.701+09:00  INFO 6228 --- [haconaka_new] [restartedMain] o.apache.catalina.core.StandardService   : Starting service [Tomcat]
2026-01-14T05:09:14.701+09:00  INFO 6228 --- [haconaka_new] [restartedMain] o.apache.catalina.core.StandardEngine    : Starting Servlet engine: [Apache Tomcat/10.1.50]
2026-01-14T05:09:14.749+09:00  INFO 6228 --- [haconaka_new] [restartedMain] o.a.c.c.C.[Tomcat].[localhost].[/]       : Initializing Spring embedded WebApplicationContext
2026-01-14T05:09:14.756+09:00  INFO 6228 --- [haconaka_new] [restartedMain] w.s.c.ServletWebServerApplicationContext : Root WebApplicationContext: initialization completed in 2345 ms
2026-01-14T05:09:15.149+09:00  INFO 6228 --- [haconaka_new] [restartedMain] o.hibernate.jpa.internal.util.LogHelper  : HHH000204: Processing PersistenceUnitInfo [name: default]
2026-01-14T05:09:15.236+09:00  INFO 6228 --- [haconaka_new] [restartedMain] org.hibernate.Version                    : HHH000412: Hibernate ORM core version 6.6.39.Final
2026-01-14T05:09:15.284+09:00  INFO 6228 --- [haconaka_new] [restartedMain] o.h.c.internal.RegionFactoryInitiator    : HHH000026: Second-level cache disabled
2026-01-14T05:09:15.685+09:00  INFO 6228 --- [haconaka_new] [restartedMain] o.s.o.j.p.SpringPersistenceUnitInfo      : No LoadTimeWeaver setup: ignoring JPA class transformer
2026-01-14T05:09:15.743+09:00  INFO 6228 --- [haconaka_new] [restartedMain] com.zaxxer.hikari.HikariDataSource       : HikariPool-1 - Starting...
2026-01-14T05:09:16.172+09:00  INFO 6228 --- [haconaka_new] [restartedMain] com.zaxxer.hikari.pool.HikariPool        : HikariPool-1 - Added connection org.mariadb.jdbc.Connection@97f24fd
2026-01-14T05:09:16.172+09:00  INFO 6228 --- [haconaka_new] [restartedMain] com.zaxxer.hikari.HikariDataSource       : HikariPool-1 - Start completed.
2026-01-14T05:09:16.253+09:00  WARN 6228 --- [haconaka_new] [restartedMain] org.hibernate.dialect.Dialect            : HHH000511: The 10.1.13 version for [org.hibernate.dialect.MariaDBDialect] is no longer supported, hence certain features may not work properly. The minimum supported version is 10.4.0. Check the community dialects project for available legacy versions.
2026-01-14T05:09:16.253+09:00  WARN 6228 --- [haconaka_new] [restartedMain] org.hibernate.orm.deprecation            : HHH90000025: MariaDBDialect does not need to be specified explicitly using 'hibernate.dialect' (remove the property setting and it will be selected by default)
2026-01-14T05:09:16.379+09:00  INFO 6228 --- [haconaka_new] [restartedMain] org.hibernate.orm.connections.pooling    : HHH10001005: Database info:
	Database JDBC URL [Connecting through datasource 'HikariDataSource (HikariPool-1)']
	Database driver: undefined/unknown
	Database version: 10.1.13
	Autocommit mode: undefined/unknown
	Isolation level: undefined/unknown
	Minimum pool size: undefined/unknown
	Maximum pool size: undefined/unknown
2026-01-14T05:09:17.056+09:00  INFO 6228 --- [haconaka_new] [restartedMain] o.h.e.t.j.p.i.JtaPlatformInitiator       : HHH000489: No JTA platform available (set 'hibernate.transaction.jta.platform' to enable JTA platform integration)
2026-01-14T05:09:17.319+09:00  INFO 6228 --- [haconaka_new] [restartedMain] j.LocalContainerEntityManagerFactoryBean : Initialized JPA EntityManagerFactory for persistence unit 'default'
2026-01-14T05:09:17.804+09:00  WARN 6228 --- [haconaka_new] [restartedMain] JpaBaseConfiguration$JpaWebConfiguration : spring.jpa.open-in-view is enabled by default. Therefore, database queries may be performed during view rendering. Explicitly configure spring.jpa.open-in-view to disable this warning
2026-01-14T05:09:18.506+09:00  INFO 6228 --- [haconaka_new] [restartedMain] o.s.b.d.a.OptionalLiveReloadServer       : LiveReload server is running on port 35729
2026-01-14T05:09:18.522+09:00  INFO 6228 --- [haconaka_new] [restartedMain] o.s.b.a.e.web.EndpointLinksResolver      : Exposing 1 endpoint beneath base path '/actuator'
2026-01-14T05:09:18.601+09:00  INFO 6228 --- [haconaka_new] [restartedMain] o.s.b.w.embedded.tomcat.TomcatWebServer  : Tomcat started on port 8080 (http) with context path '/'
